<?xml version="1.0" encoding="UTF-8"?>
<!-- Generated by org.testng.reporters.JUnitReportReporter -->
<testsuite hostname="NavjotDeepanshu" failures="0" tests="1" name="script.ValidLogin" time="16.924" errors="0" timestamp="2023-11-08T11:14:19 IST" skipped="0">
  <testcase classname="script.ValidLogin" name="testValidLogin" time="16.924"/>
  <system-out/>
</testsuite> <!-- script.ValidLogin -->
